<?xml version="1.0" encoding="UTF-8"?>
<testsuite name="com.flipkart.instagramdmwebhook.InstagramdmwebhookApplicationTests" tests="1" skipped="0" failures="0" errors="0" timestamp="2025-08-26T18:13:25.460Z" hostname="MacBook-Air.local" time="0.373">
  <properties/>
  <testcase name="contextLoads()" classname="com.flipkart.instagramdmwebhook.InstagramdmwebhookApplicationTests" time="0.373"/>
  <system-out><![CDATA[23:43:24.820 [Test worker] INFO org.springframework.test.context.support.AnnotationConfigContextLoaderUtils -- Could not detect default configuration classes for test class [com.flipkart.instagramdmwebhook.InstagramdmwebhookApplicationTests]: InstagramdmwebhookApplicationTests does not declare any static, non-private, non-final, nested classes annotated with @Configuration.
23:43:24.863 [Test worker] INFO org.springframework.boot.test.context.SpringBootTestContextBootstrapper -- Found @SpringBootConfiguration com.flipkart.instagramdmwebhook.InstagramdmwebhookApplication for test class com.flipkart.instagramdmwebhook.InstagramdmwebhookApplicationTests

  .   ____          _            __ _ _
 /\\ / ___'_ __ _ _(_)_ __  __ _ \ \ \ \
( ( )\___ | '_ | '_| | '_ \/ _` | \ \ \ \
 \\/  ___)| |_)| | | | | || (_| |  ) ) ) )
  '  |____| .__|_| |_|_| |_\__, | / / / /
 =========|_|==============|___/=/_/_/_/

 :: Spring Boot ::                (v3.5.3)

2025-08-26T23:43:25.033+05:30  INFO 47550 --- [instagram-dm-webhook] [    Test worker] c.f.i.InstagramdmwebhookApplicationTests : Starting InstagramdmwebhookApplicationTests using Java 21.0.7 with PID 47550 (started by kunal in /Users/kunal/IdeaProjects/instagram-dm-webhook)
2025-08-26T23:43:25.034+05:30  INFO 47550 --- [instagram-dm-webhook] [    Test worker] c.f.i.InstagramdmwebhookApplicationTests : No active profile set, falling back to 1 default profile: "default"
2025-08-26T23:43:25.453+05:30  INFO 47550 --- [instagram-dm-webhook] [    Test worker] c.f.i.InstagramdmwebhookApplicationTests : Started InstagramdmwebhookApplicationTests in 0.527 seconds (process running for 0.995)
]]></system-out>
  <system-err><![CDATA[Mockito is currently self-attaching to enable the inline-mock-maker. This will no longer work in future releases of the JDK. Please add Mockito as an agent to your build as described in Mockito's documentation: https://javadoc.io/doc/org.mockito/mockito-core/latest/org.mockito/org/mockito/Mockito.html#0.3
WARNING: A Java agent has been loaded dynamically (/Users/kunal/.gradle/caches/modules-2/files-2.1/net.bytebuddy/byte-buddy-agent/1.17.6/17b32fd9f57deef02842f7f05abc4ad8127fe34e/byte-buddy-agent-1.17.6.jar)
WARNING: If a serviceability tool is in use, please run with -XX:+EnableDynamicAgentLoading to hide this warning
WARNING: If a serviceability tool is not in use, please run with -Djdk.instrument.traceUsage for more information
WARNING: Dynamic loading of agents will be disallowed by default in a future release
]]></system-err>
</testsuite>
